This file contains any messages produced by compilers while
running configure, to aid debugging if configure makes a mistake.

It was created by libupnp configure 1.6.6, which was
generated by GNU Autoconf 2.60.  Invocation command line was

  $ ./configure --prefix=/usr/local/upnp --host=arm-linux STRIP=arm_v5t_le-strip AR=arm_v5t_le-ar CC=arm_v5t_le-gcc CPP=arm_v5t_le-gcc -E CXX=arm_v5t_le-g++ CXXCPP=arm_v5t_le-g++ -E ac_ct_CC=arm_v5t_le-gcc ac_ct_CXX=arm_v5t_le-g++ PTHREAD_CC=arm_v5t_le-gcc RANLIB=arm_v5t_le-ranlib --disable-webserver --disable-tools --disable-client --disable-largefile --disable-samples

## --------- ##
## Platform. ##
## --------- ##

hostname = localhost.localdomain
uname -m = i686
uname -r = 2.6.18-1.2798.fc6
uname -s = Linux
uname -v = #1 SMP Mon Oct 16 14:37:32 EDT 2006

/usr/bin/uname -p = unknown
/bin/uname -X     = unknown

/bin/arch              = i686
/usr/bin/arch -k       = unknown
/usr/convex/getsysinfo = unknown
/usr/bin/hostinfo      = unknown
/bin/machine           = unknown
/usr/bin/oslevel       = unknown
/bin/universe          = unknown

PATH: /opt/montavista/pro/devkit/arm/v5t_le/bin
PATH: /opt/montavista/common/bin/
PATH: /opt/montavista/pro/bin/
PATH: /home/user/DM350_Linux_Beta_V0_5_1/workdir/u-boot-1.1.4/tools
PATH: /home/user/DM350_Linux_Beta_V0_5_1/bin
PATH: /usr/kerberos/bin
PATH: /usr/local/bin
PATH: /bin
PATH: /usr/bin


## ----------- ##
## Core tests. ##
## ----------- ##

configure:2014: checking for a BSD-compatible install
configure:2070: result: /usr/bin/install -c
configure:2081: checking whether build environment is sane
configure:2124: result: yes
configure:2189: checking for gawk
configure:2205: found /bin/gawk
configure:2216: result: gawk
configure:2227: checking whether make sets $(MAKE)
configure:2248: result: yes
configure:2324: checking for arm-linux-strip
configure:2351: result: arm_v5t_le-strip
configure:2443: checking build system type
configure:2461: result: i686-pc-linux-gnu
configure:2483: checking host system type
configure:2498: result: arm-unknown-linux-gnu
configure:2567: checking for --enable-debug
configure:2575: result: no
configure:2617: checking for --enable-client
configure:2625: result: no
configure:2648: checking for --enable-device
configure:2656: result: yes
configure:2682: checking for --enable-webserver
configure:2690: result: no
configure:2724: checking for --enable-tools
configure:2732: result: no
configure:2755: checking for --enable-samples
configure:2763: result: no
configure:2786: checking for documentation directory
configure:2814: result: ${datarootdir}/doc/libupnp-1.6.6
configure:2829: checking for arm-linux-gcc
configure:2856: result: arm_v5t_le-gcc
configure:3134: checking for C compiler version
configure:3141: arm_v5t_le-gcc --version >&5
arm_v5t_le-gcc (GCC) 4.2.0 (MontaVista 4.2.0-16.0.32.0801914 2008-08-30)
Copyright (C) 2007 Free Software Foundation, Inc.
This is free software; see the source for copying conditions.  There is NO
warranty; not even for MERCHANTABILITY or FITNESS FOR A PARTICULAR PURPOSE.

configure:3144: $? = 0
configure:3151: arm_v5t_le-gcc -v >&5
Using built-in specs.
Target: armv5tl-montavista-linux-gnueabi
Configured with: ../configure --host=i686-pc-linux-gnu --build=i686-pc-linux-gnu --target=armv5tl-montavista-linux-gnueabi --prefix=/opt/montavista/foundation/devkit/arm/v5t_le --exec-prefix=/opt/montavista/foundation/devkit/arm/v5t_le --bindir=/opt/montavista/foundation/devkit/arm/v5t_le/bin --sbindir=/opt/montavista/foundation/devkit/arm/v5t_le/sbin --sysconfdir=/opt/montavista/foundation/devkit/arm/v5t_le/etc --datadir=/opt/montavista/foundation/devkit/arm/v5t_le/share --includedir=/opt/montavista/foundation/devkit/arm/v5t_le/include --libdir=/opt/montavista/foundation/devkit/arm/v5t_le/lib --libexecdir=/opt/montavista/foundation/devkit/arm/v5t_le/libexec --localstatedir=/opt/montavista/foundation/devkit/arm/v5t_le/var --sharedstatedir=/opt/montavista/foundation/devkit/arm/v5t_le/share --mandir=/opt/montavista/foundation/devkit/arm/v5t_le/man --infodir=/opt/montavista/foundation/devkit/arm/v5t_le/info --build=i686-pc-linux-gnu --program-transform-name=s,^,arm_v5t_le-, --enable-cross --enable-poison-system-directories --with-sysroot=/opt/montavista/foundation/devkit/arm/v5t_le/target --with-build-sysroot=/opt/montavista/foundation/devkit/arm/v5t_le/target --with-build-time-tools=/opt/montavista/foundation/devkit/arm/v5t_le/bin --enable-shared --enable-languages=c,c++ --enable-__cxa_atexit --enable-c99 --enable-long-long --enable-threads=posix --with-gxx-include-dir=/opt/montavista/foundation/devkit/arm/v5t_le/lib/gcc/armv5tl-montavista-linux-gnueabi/4.2.0/../../../../target/usr/include/c++/4.2.0 --disable-libmudflap --disable-libssp --disable-libgomp --with-gnu-as --with-gnu-ld --enable-symvers=gnu --enable-checking=release --with-numa-policy=yes --disable-multilib --enable-clocale=gnu --with-float=soft --with-cpu=arm10tdmi --with-interwork --with-arch=armv5t --with-tune=arm10tdmi --libexecdir=/opt/montavista/foundation/devkit/arm/v5t_le/lib --with-bugurl=http://www.mvista.com/support --with-versuffix='MontaVista 4.2.0-16.0.32.0801914 2008-08-30'
Thread model: posix
gcc version 4.2.0 (MontaVista 4.2.0-16.0.32.0801914 2008-08-30)
configure:3154: $? = 0
configure:3161: arm_v5t_le-gcc -V >&5
arm_v5t_le-gcc: '-V' option must have argument
configure:3164: $? = 1
configure:3187: checking for C compiler default output file name
configure:3214: arm_v5t_le-gcc    conftest.c  >&5
configure:3217: $? = 0
configure:3263: result: a.out
configure:3268: checking whether the C compiler works
configure:3278: ./a.out
./configure: line 3279: ./a.out: cannot execute binary file
configure:3281: $? = 126
configure:3298: result: yes
configure:3305: checking whether we are cross compiling
configure:3307: result: yes
configure:3310: checking for suffix of executables
configure:3317: arm_v5t_le-gcc -o conftest    conftest.c  >&5
configure:3320: $? = 0
configure:3344: result: 
configure:3350: checking for suffix of object files
configure:3376: arm_v5t_le-gcc -c   conftest.c >&5
configure:3379: $? = 0
configure:3402: result: o
configure:3406: checking whether we are using the GNU C compiler
configure:3435: arm_v5t_le-gcc -c   conftest.c >&5
configure:3441: $? = 0
configure:3448: test -z "$ac_c_werror_flag" || test ! -s conftest.err
configure:3451: $? = 0
configure:3458: test -s conftest.o
configure:3461: $? = 0
configure:3475: result: yes
configure:3480: checking whether arm_v5t_le-gcc accepts -g
configure:3510: arm_v5t_le-gcc -c -g  conftest.c >&5
configure:3516: $? = 0
configure:3523: test -z "$ac_c_werror_flag" || test ! -s conftest.err
configure:3526: $? = 0
configure:3533: test -s conftest.o
configure:3536: $? = 0
configure:3666: result: yes
configure:3683: checking for arm_v5t_le-gcc option to accept ISO C89
configure:3757: arm_v5t_le-gcc  -c -g -O2  conftest.c >&5
configure:3763: $? = 0
configure:3770: test -z "$ac_c_werror_flag" || test ! -s conftest.err
configure:3773: $? = 0
configure:3780: test -s conftest.o
configure:3783: $? = 0
configure:3803: result: none needed
configure:3832: checking for style of include used by make
configure:3860: result: GNU
configure:3888: checking dependency style of arm_v5t_le-gcc
configure:3978: result: gcc3
configure:3996: checking whether arm_v5t_le-gcc and cc understand -c and -o together
configure:4031: arm_v5t_le-gcc -c conftest.c -o conftest2.o >&5
configure:4034: $? = 0
configure:4040: arm_v5t_le-gcc -c conftest.c -o conftest2.o >&5
configure:4043: $? = 0
configure:4054: cc -c conftest.c >&5
configure:4057: $? = 0
configure:4065: cc -c conftest.c -o conftest2.o >&5
configure:4068: $? = 0
configure:4074: cc -c conftest.c -o conftest2.o >&5
configure:4077: $? = 0
configure:4095: result: yes
configure:4192: checking for a sed that does not truncate output
configure:4246: result: /opt/montavista/common/bin//sed
configure:4249: checking for grep that handles long lines and -e
configure:4323: result: /bin/grep
configure:4328: checking for egrep
configure:4406: result: /bin/grep -E
configure:4422: checking for ld used by arm_v5t_le-gcc
configure:4489: result: /opt/montavista/pro/devkit/arm/v5t_le/armv5tl-montavista-linux-gnueabi/bin/ld
configure:4498: checking if the linker (/opt/montavista/pro/devkit/arm/v5t_le/armv5tl-montavista-linux-gnueabi/bin/ld) is GNU ld
configure:4513: result: yes
configure:4518: checking for /opt/montavista/pro/devkit/arm/v5t_le/armv5tl-montavista-linux-gnueabi/bin/ld option to reload object files
configure:4525: result: -r
configure:4543: checking for BSD-compatible nm
configure:4592: result: nm
configure:4596: checking whether ln -s works
configure:4600: result: yes
configure:4607: checking how to recognise dependent libraries
configure:4783: result: pass_all
configure:5033: checking how to run the C preprocessor
configure:5163: result: arm_v5t_le-gcc -E
configure:5192: arm_v5t_le-gcc -E  conftest.c
configure:5198: $? = 0
configure:5236: arm_v5t_le-gcc -E  conftest.c
conftest.c:17:28: error: ac_nonexistent.h: No such file or directory
configure:5242: $? = 1
configure: failed program was:
| /* confdefs.h.  */
| #define PACKAGE_NAME "libupnp"
| #define PACKAGE_TARNAME "libupnp"
| #define PACKAGE_VERSION "1.6.6"
| #define PACKAGE_STRING "libupnp 1.6.6"
| #define PACKAGE_BUGREPORT "mroberto@users.sourceforge.net"
| #define PACKAGE "libupnp"
| #define VERSION "1.6.6"
| #define UPNP_VERSION_STRING "1.6.6"
| #define UPNP_VERSION_MAJOR 1
| #define UPNP_VERSION_MINOR 6
| #define UPNP_VERSION_PATCH 6
| #define NO_DEBUG 1
| #define NDEBUG 1
| #define UPNP_HAVE_DEVICE 1
| /* end confdefs.h.  */
| #include <ac_nonexistent.h>
configure:5287: checking for ANSI C header files
configure:5317: arm_v5t_le-gcc -c -g -O2  conftest.c >&5
configure:5323: $? = 0
configure:5330: test -z "$ac_c_werror_flag" || test ! -s conftest.err
configure:5333: $? = 0
configure:5340: test -s conftest.o
configure:5343: $? = 0
configure:5468: result: yes
configure:5492: checking for sys/types.h
configure:5513: arm_v5t_le-gcc -c -g -O2  conftest.c >&5
configure:5519: $? = 0
configure:5526: test -z "$ac_c_werror_flag" || test ! -s conftest.err
configure:5529: $? = 0
configure:5536: test -s conftest.o
configure:5539: $? = 0
configure:5552: result: yes
configure:5492: checking for sys/stat.h
configure:5513: arm_v5t_le-gcc -c -g -O2  conftest.c >&5
configure:5519: $? = 0
configure:5526: test -z "$ac_c_werror_flag" || test ! -s conftest.err
configure:5529: $? = 0
configure:5536: test -s conftest.o
configure:5539: $? = 0
configure:5552: result: yes
configure:5492: checking for stdlib.h
configure:5513: arm_v5t_le-gcc -c -g -O2  conftest.c >&5
configure:5519: $? = 0
configure:5526: test -z "$ac_c_werror_flag" || test ! -s conftest.err
configure:5529: $? = 0
configure:5536: test -s conftest.o
configure:5539: $? = 0
configure:5552: result: yes
configure:5492: checking for string.h
configure:5513: arm_v5t_le-gcc -c -g -O2  conftest.c >&5
configure:5519: $? = 0
configure:5526: test -z "$ac_c_werror_flag" || test ! -s conftest.err
configure:5529: $? = 0
configure:5536: test -s conftest.o
configure:5539: $? = 0
configure:5552: result: yes
configure:5492: checking for memory.h
configure:5513: arm_v5t_le-gcc -c -g -O2  conftest.c >&5
configure:5519: $? = 0
configure:5526: test -z "$ac_c_werror_flag" || test ! -s conftest.err
configure:5529: $? = 0
configure:5536: test -s conftest.o
configure:5539: $? = 0
configure:5552: result: yes
configure:5492: checking for strings.h
configure:5513: arm_v5t_le-gcc -c -g -O2  conftest.c >&5
configure:5519: $? = 0
configure:5526: test -z "$ac_c_werror_flag" || test ! -s conftest.err
configure:5529: $? = 0
configure:5536: test -s conftest.o
configure:5539: $? = 0
configure:5552: result: yes
configure:5492: checking for inttypes.h
configure:5513: arm_v5t_le-gcc -c -g -O2  conftest.c >&5
configure:5519: $? = 0
configure:5526: test -z "$ac_c_werror_flag" || test ! -s conftest.err
configure:5529: $? = 0
configure:5536: test -s conftest.o
configure:5539: $? = 0
configure:5552: result: yes
configure:5492: checking for stdint.h
configure:5513: arm_v5t_le-gcc -c -g -O2  conftest.c >&5
configure:5519: $? = 0
configure:5526: test -z "$ac_c_werror_flag" || test ! -s conftest.err
configure:5529: $? = 0
configure:5536: test -s conftest.o
configure:5539: $? = 0
configure:5552: result: yes
configure:5492: checking for unistd.h
configure:5513: arm_v5t_le-gcc -c -g -O2  conftest.c >&5
configure:5519: $? = 0
configure:5526: test -z "$ac_c_werror_flag" || test ! -s conftest.err
configure:5529: $? = 0
configure:5536: test -s conftest.o
configure:5539: $? = 0
configure:5552: result: yes
configure:5579: checking dlfcn.h usability
configure:5596: arm_v5t_le-gcc -c -g -O2  conftest.c >&5
configure:5602: $? = 0
configure:5609: test -z "$ac_c_werror_flag" || test ! -s conftest.err
configure:5612: $? = 0
configure:5619: test -s conftest.o
configure:5622: $? = 0
configure:5633: result: yes
configure:5637: checking dlfcn.h presence
configure:5652: arm_v5t_le-gcc -E  conftest.c
configure:5658: $? = 0
configure:5679: result: yes
configure:5712: checking for dlfcn.h
configure:5720: result: yes
configure:5849: checking for C++ compiler version
configure:5856: arm_v5t_le-g++ --version >&5
arm_v5t_le-g++ (GCC) 4.2.0 (MontaVista 4.2.0-16.0.32.0801914 2008-08-30)
Copyright (C) 2007 Free Software Foundation, Inc.
This is free software; see the source for copying conditions.  There is NO
warranty; not even for MERCHANTABILITY or FITNESS FOR A PARTICULAR PURPOSE.

configure:5859: $? = 0
configure:5866: arm_v5t_le-g++ -v >&5
Using built-in specs.
Target: armv5tl-montavista-linux-gnueabi
Configured with: ../configure --host=i686-pc-linux-gnu --build=i686-pc-linux-gnu --target=armv5tl-montavista-linux-gnueabi --prefix=/opt/montavista/foundation/devkit/arm/v5t_le --exec-prefix=/opt/montavista/foundation/devkit/arm/v5t_le --bindir=/opt/montavista/foundation/devkit/arm/v5t_le/bin --sbindir=/opt/montavista/foundation/devkit/arm/v5t_le/sbin --sysconfdir=/opt/montavista/foundation/devkit/arm/v5t_le/etc --datadir=/opt/montavista/foundation/devkit/arm/v5t_le/share --includedir=/opt/montavista/foundation/devkit/arm/v5t_le/include --libdir=/opt/montavista/foundation/devkit/arm/v5t_le/lib --libexecdir=/opt/montavista/foundation/devkit/arm/v5t_le/libexec --localstatedir=/opt/montavista/foundation/devkit/arm/v5t_le/var --sharedstatedir=/opt/montavista/foundation/devkit/arm/v5t_le/share --mandir=/opt/montavista/foundation/devkit/arm/v5t_le/man --infodir=/opt/montavista/foundation/devkit/arm/v5t_le/info --build=i686-pc-linux-gnu --program-transform-name=s,^,arm_v5t_le-, --enable-cross --enable-poison-system-directories --with-sysroot=/opt/montavista/foundation/devkit/arm/v5t_le/target --with-build-sysroot=/opt/montavista/foundation/devkit/arm/v5t_le/target --with-build-time-tools=/opt/montavista/foundation/devkit/arm/v5t_le/bin --enable-shared --enable-languages=c,c++ --enable-__cxa_atexit --enable-c99 --enable-long-long --enable-threads=posix --with-gxx-include-dir=/opt/montavista/foundation/devkit/arm/v5t_le/lib/gcc/armv5tl-montavista-linux-gnueabi/4.2.0/../../../../target/usr/include/c++/4.2.0 --disable-libmudflap --disable-libssp --disable-libgomp --with-gnu-as --with-gnu-ld --enable-symvers=gnu --enable-checking=release --with-numa-policy=yes --disable-multilib --enable-clocale=gnu --with-float=soft --with-cpu=arm10tdmi --with-interwork --with-arch=armv5t --with-tune=arm10tdmi --libexecdir=/opt/montavista/foundation/devkit/arm/v5t_le/lib --with-bugurl=http://www.mvista.com/support --with-versuffix='MontaVista 4.2.0-16.0.32.0801914 2008-08-30'
Thread model: posix
gcc version 4.2.0 (MontaVista 4.2.0-16.0.32.0801914 2008-08-30)
configure:5869: $? = 0
configure:5876: arm_v5t_le-g++ -V >&5
arm_v5t_le-g++: '-V' option must have argument
configure:5879: $? = 1
configure:5882: checking whether we are using the GNU C++ compiler
configure:5911: arm_v5t_le-g++ -c   conftest.cpp >&5
configure:5917: $? = 0
configure:5924: test -z "$ac_cxx_werror_flag" || test ! -s conftest.err
configure:5927: $? = 0
configure:5934: test -s conftest.o
configure:5937: $? = 0
configure:5951: result: yes
configure:5956: checking whether arm_v5t_le-g++ accepts -g
configure:5986: arm_v5t_le-g++ -c -g  conftest.cpp >&5
configure:5992: $? = 0
configure:5999: test -z "$ac_cxx_werror_flag" || test ! -s conftest.err
configure:6002: $? = 0
configure:6009: test -s conftest.o
configure:6012: $? = 0
configure:6142: result: yes
configure:6167: checking dependency style of arm_v5t_le-g++
configure:6257: result: gcc3
configure:6284: checking how to run the C++ preprocessor
configure:6410: result: arm_v5t_le-g++ -E
configure:6439: arm_v5t_le-g++ -E  conftest.cpp
configure:6445: $? = 0
configure:6483: arm_v5t_le-g++ -E  conftest.cpp
conftest.cpp:28:28: error: ac_nonexistent.h: No such file or directory
configure:6489: $? = 1
configure: failed program was:
| /* confdefs.h.  */
| #define PACKAGE_NAME "libupnp"
| #define PACKAGE_TARNAME "libupnp"
| #define PACKAGE_VERSION "1.6.6"
| #define PACKAGE_STRING "libupnp 1.6.6"
| #define PACKAGE_BUGREPORT "mroberto@users.sourceforge.net"
| #define PACKAGE "libupnp"
| #define VERSION "1.6.6"
| #define UPNP_VERSION_STRING "1.6.6"
| #define UPNP_VERSION_MAJOR 1
| #define UPNP_VERSION_MINOR 6
| #define UPNP_VERSION_PATCH 6
| #define NO_DEBUG 1
| #define NDEBUG 1
| #define UPNP_HAVE_DEVICE 1
| #define STDC_HEADERS 1
| #define HAVE_SYS_TYPES_H 1
| #define HAVE_SYS_STAT_H 1
| #define HAVE_STDLIB_H 1
| #define HAVE_STRING_H 1
| #define HAVE_MEMORY_H 1
| #define HAVE_STRINGS_H 1
| #define HAVE_INTTYPES_H 1
| #define HAVE_STDINT_H 1
| #define HAVE_UNISTD_H 1
| #define HAVE_DLFCN_H 1
| /* end confdefs.h.  */
| #include <ac_nonexistent.h>
configure:6545: checking for arm-linux-g77
configure:6575: result: no
configure:6545: checking for arm-linux-f77
configure:6575: result: no
configure:6545: checking for arm-linux-xlf
configure:6575: result: no
configure:6545: checking for arm-linux-frt
configure:6575: result: no
configure:6545: checking for arm-linux-pgf77
configure:6575: result: no
configure:6545: checking for arm-linux-cf77
configure:6575: result: no
configure:6545: checking for arm-linux-fort77
configure:6575: result: no
configure:6545: checking for arm-linux-fl32
configure:6575: result: no
configure:6545: checking for arm-linux-af77
configure:6575: result: no
configure:6545: checking for arm-linux-f90
configure:6575: result: no
configure:6545: checking for arm-linux-xlf90
configure:6575: result: no
configure:6545: checking for arm-linux-pgf90
configure:6575: result: no
configure:6545: checking for arm-linux-pghpf
configure:6575: result: no
configure:6545: checking for arm-linux-epcf90
configure:6575: result: no
configure:6545: checking for arm-linux-gfortran
configure:6575: result: no
configure:6545: checking for arm-linux-g95
configure:6575: result: no
configure:6545: checking for arm-linux-f95
configure:6575: result: no
configure:6545: checking for arm-linux-fort
configure:6575: result: no
configure:6545: checking for arm-linux-xlf95
configure:6575: result: no
configure:6545: checking for arm-linux-ifort
configure:6575: result: no
configure:6545: checking for arm-linux-ifc
configure:6575: result: no
configure:6545: checking for arm-linux-efc
configure:6575: result: no
configure:6545: checking for arm-linux-pgf95
configure:6575: result: no
configure:6545: checking for arm-linux-lf95
configure:6575: result: no
configure:6545: checking for arm-linux-ftn
configure:6575: result: no
configure:6589: checking for g77
configure:6619: result: no
configure:6589: checking for f77
configure:6619: result: no
configure:6589: checking for xlf
configure:6619: result: no
configure:6589: checking for frt
configure:6619: result: no
configure:6589: checking for pgf77
configure:6619: result: no
configure:6589: checking for cf77
configure:6619: result: no
configure:6589: checking for fort77
configure:6619: result: no
configure:6589: checking for fl32
configure:6619: result: no
configure:6589: checking for af77
configure:6619: result: no
configure:6589: checking for f90
configure:6619: result: no
configure:6589: checking for xlf90
configure:6619: result: no
configure:6589: checking for pgf90
configure:6619: result: no
configure:6589: checking for pghpf
configure:6619: result: no
configure:6589: checking for epcf90
configure:6619: result: no
configure:6589: checking for gfortran
configure:6605: found /usr/bin/gfortran
configure:6616: result: gfortran
configure:6634: WARNING: In the future, Autoconf will not detect cross-tools
whose name does not start with the host triplet.  If you think this
configuration is useful to you, please write to autoconf@gnu.org.
configure:6646: checking for Fortran 77 compiler version
configure:6653: gfortran --version >&5
GNU Fortran 95 (GCC) 4.1.1 20061011 (Red Hat 4.1.1-30)
Copyright (C) 2006 Free Software Foundation, Inc.

GNU Fortran comes with NO WARRANTY, to the extent permitted by law.
You may redistribute copies of GNU Fortran
under the terms of the GNU General Public License.
For more information about these matters, see the file named COPYING

configure:6656: $? = 0
configure:6663: gfortran -v >&5
Using built-in specs.
Target: i386-redhat-linux
Configured with: ../configure --prefix=/usr --mandir=/usr/share/man --infodir=/usr/share/info --enable-shared --enable-threads=posix --enable-checking=release --with-system-zlib --enable-__cxa_atexit --disable-libunwind-exceptions --enable-libgcj-multifile --enable-languages=c,c++,objc,obj-c++,java,fortran,ada --enable-java-awt=gtk --disable-dssi --enable-plugin --with-java-home=/usr/lib/jvm/java-1.4.2-gcj-1.4.2.0/jre --with-cpu=generic --host=i386-redhat-linux
Thread model: posix
gcc version 4.1.1 20061011 (Red Hat 4.1.1-30)
configure:6666: $? = 0
configure:6673: gfortran -V >&5
gfortran: '-V' option must have argument
configure:6676: $? = 1
configure:6684: checking whether we are using the GNU Fortran 77 compiler
configure:6703: gfortran -c  conftest.F >&5
configure:6709: $? = 0
configure:6716: test -z "$ac_f77_werror_flag" || test ! -s conftest.err
configure:6719: $? = 0
configure:6726: test -s conftest.o
configure:6729: $? = 0
configure:6743: result: yes
configure:6749: checking whether gfortran accepts -g
configure:6766: gfortran -c -g conftest.f >&5
configure:6772: $? = 0
configure:6779: test -z "$ac_f77_werror_flag" || test ! -s conftest.err
configure:6782: $? = 0
configure:6789: test -s conftest.o
configure:6792: $? = 0
configure:6805: result: yes
configure:6835: checking the maximum length of command line arguments
configure:6944: result: 32768
configure:6955: checking command to parse nm output from arm_v5t_le-gcc object
configure:7060: arm_v5t_le-gcc -c -g -O2  conftest.c >&5
configure:7063: $? = 0
configure:7067: nm conftest.o \| sed -n -e 's/^.*[ 	]\([ABCDGIRSTW][ABCDGIRSTW]*\)[ 	][ 	]*\([_A-Za-z][_A-Za-z0-9]*\)$/\1 \2 \2/p' \> conftest.nm
configure:7070: $? = 0
configure:7122: arm_v5t_le-gcc -o conftest -g -O2   conftest.c conftstm.o >&5
configure:7125: $? = 0
configure:7163: result: ok
configure:7167: checking for objdir
configure:7182: result: .libs
configure:7234: checking for arm-linux-ar
configure:7261: result: arm_v5t_le-ar
configure:7330: checking for arm-linux-ranlib
configure:7357: result: arm_v5t_le-ranlib
configure:7426: checking for arm-linux-strip
configure:7453: result: arm_v5t_le-strip
configure:7779: checking if arm_v5t_le-gcc supports -fno-rtti -fno-exceptions
configure:7797: arm_v5t_le-gcc -c -g -O2  -fno-rtti -fno-exceptions conftest.c >&5
cc1: warning: command line option "-fno-rtti" is valid for C++/ObjC++ but not for C
configure:7801: $? = 0
configure:7814: result: no
configure:7829: checking for arm_v5t_le-gcc option to produce PIC
configure:8039: result: -fPIC
configure:8047: checking if arm_v5t_le-gcc PIC flag -fPIC works
configure:8065: arm_v5t_le-gcc -c -g -O2  -fPIC -DPIC conftest.c >&5
configure:8069: $? = 0
configure:8082: result: yes
configure:8110: checking if arm_v5t_le-gcc static flag -static works
configure:8138: result: yes
configure:8148: checking if arm_v5t_le-gcc supports -c -o file.o
configure:8169: arm_v5t_le-gcc -c -g -O2  -o out/conftest2.o conftest.c >&5
configure:8173: $? = 0
configure:8195: result: yes
configure:8221: checking whether the arm_v5t_le-gcc linker (/opt/montavista/pro/devkit/arm/v5t_le/armv5tl-montavista-linux-gnueabi/bin/ld) supports shared libraries
configure:9207: result: yes
configure:9228: checking whether -lc should be explicitly linked in
configure:9233: arm_v5t_le-gcc -c -g -O2  conftest.c >&5
configure:9236: $? = 0
configure:9251: arm_v5t_le-gcc -shared conftest.o  -v -Wl,-soname -Wl,conftest -o conftest 2\>\&1 \| grep  -lc  \>/dev/null 2\>\&1
configure:9254: $? = 0
configure:9266: result: no
configure:9274: checking dynamic linker characteristics
configure:9862: result: GNU/Linux ld.so
configure:9871: checking how to hardcode library paths into programs
configure:9896: result: immediate
configure:9910: checking whether stripping libraries is possible
configure:9915: result: yes
configure:10828: checking if libtool supports shared libraries
configure:10830: result: yes
configure:10833: checking whether to build shared libraries
configure:10854: result: yes
configure:10857: checking whether to build static libraries
configure:10861: result: yes
configure:10953: creating libtool
configure:11541: checking for ld used by arm_v5t_le-g++
configure:11608: result: /opt/montavista/pro/devkit/arm/v5t_le/armv5tl-montavista-linux-gnueabi/bin/ld
configure:11617: checking if the linker (/opt/montavista/pro/devkit/arm/v5t_le/armv5tl-montavista-linux-gnueabi/bin/ld) is GNU ld
configure:11632: result: yes
configure:11683: checking whether the arm_v5t_le-g++ linker (/opt/montavista/pro/devkit/arm/v5t_le/armv5tl-montavista-linux-gnueabi/bin/ld) supports shared libraries
configure:12649: result: yes
configure:12667: arm_v5t_le-g++ -c -g -O2  conftest.cpp >&5
configure:12670: $? = 0
configure:12789: checking for arm_v5t_le-g++ option to produce PIC
configure:13063: result: -fPIC
configure:13071: checking if arm_v5t_le-g++ PIC flag -fPIC works
configure:13089: arm_v5t_le-g++ -c -g -O2  -fPIC -DPIC conftest.cpp >&5
configure:13093: $? = 0
configure:13106: result: yes
configure:13134: checking if arm_v5t_le-g++ static flag -static works
configure:13162: result: yes
configure:13172: checking if arm_v5t_le-g++ supports -c -o file.o
configure:13193: arm_v5t_le-g++ -c -g -O2  -o out/conftest2.o conftest.cpp >&5
configure:13197: $? = 0
configure:13219: result: yes
configure:13245: checking whether the arm_v5t_le-g++ linker (/opt/montavista/pro/devkit/arm/v5t_le/armv5tl-montavista-linux-gnueabi/bin/ld) supports shared libraries
configure:13270: result: yes
configure:13337: checking dynamic linker characteristics
configure:13925: result: GNU/Linux ld.so
configure:13934: checking how to hardcode library paths into programs
configure:13959: result: immediate
configure:14485: checking if libtool supports shared libraries
configure:14487: result: yes
configure:14490: checking whether to build shared libraries
configure:14510: result: yes
configure:14513: checking whether to build static libraries
configure:14517: result: yes
configure:14527: checking for gfortran option to produce PIC
configure:14737: result: -fPIC
configure:14745: checking if gfortran PIC flag -fPIC works
configure:14763: gfortran -c -g -O2 -fPIC conftest.f >&5
configure:14767: $? = 0
configure:14780: result: yes
configure:14808: checking if gfortran static flag -static works
configure:14836: result: yes
configure:14846: checking if gfortran supports -c -o file.o
configure:14867: gfortran -c -g -O2 -o out/conftest2.o conftest.f >&5
configure:14871: $? = 0
configure:14893: result: yes
configure:14919: checking whether the gfortran linker (/opt/montavista/pro/devkit/arm/v5t_le/armv5tl-montavista-linux-gnueabi/bin/ld) supports shared libraries
configure:15885: result: yes
configure:15952: checking dynamic linker characteristics
configure:16540: result: GNU/Linux ld.so
configure:16549: checking how to hardcode library paths into programs
configure:16574: result: immediate
configure:20176: checking for a BSD-compatible install
configure:20232: result: /usr/bin/install -c
configure:20243: checking whether make sets $(MAKE)
configure:20264: result: yes
configure:20273: checking for egrep
configure:20351: result: /bin/grep -E
configure:20482: checking CFLAGS for gcc -Os
configure:20519: arm_v5t_le-gcc -c -g -O2 -pedantic -Werror  -Os  conftest.c >&5
configure:20525: $? = 0
configure:20532: test -z "$ac_c_werror_flag" || test ! -s conftest.err
configure:20535: $? = 0
configure:20542: test -s conftest.o
configure:20545: $? = 0
configure:20566: result: -Os
configure:20578: : CFLAGS="$CFLAGS $ac_cv_cflags_gcc_option__Os"
configure:20581: $? = 0
configure:20592: checking CFLAGS for maximum warnings
configure:20629: arm_v5t_le-gcc -c -g -O2 -Os -pedantic  -Wall  conftest.c >&5
configure:20635: $? = 0
configure:20642: test -z "$ac_c_werror_flag" || test ! -s conftest.err
configure:20645: $? = 0
configure:20652: test -s conftest.o
configure:20655: $? = 0
configure:20676: result: -Wall
configure:20689: : CFLAGS="$CFLAGS $ac_cv_cflags_warn_all"
configure:20692: $? = 0
configure:20705: checking for size_t
configure:20735: arm_v5t_le-gcc -c -g -O2 -Os -Wall  conftest.c >&5
configure:20741: $? = 0
configure:20748: test -z "$ac_c_werror_flag" || test ! -s conftest.err
configure:20751: $? = 0
configure:20758: test -s conftest.o
configure:20761: $? = 0
configure:20773: result: yes
configure:20785: checking for off_t
configure:20815: arm_v5t_le-gcc -c -g -O2 -Os -Wall  conftest.c >&5
configure:20821: $? = 0
configure:20828: test -z "$ac_c_werror_flag" || test ! -s conftest.err
configure:20831: $? = 0
configure:20838: test -s conftest.o
configure:20841: $? = 0
configure:20853: result: yes
configure:20880: checking for ANSI C header files
configure:21061: result: yes
configure:21116: checking arpa/inet.h usability
configure:21133: arm_v5t_le-gcc -c -g -O2 -Os -Wall  conftest.c >&5
configure:21139: $? = 0
configure:21146: test -z "$ac_c_werror_flag" || test ! -s conftest.err
configure:21149: $? = 0
configure:21156: test -s conftest.o
configure:21159: $? = 0
configure:21170: result: yes
configure:21174: checking arpa/inet.h presence
configure:21189: arm_v5t_le-gcc -E  conftest.c
configure:21195: $? = 0
configure:21216: result: yes
configure:21249: checking for arpa/inet.h
configure:21257: result: yes
configure:21116: checking fcntl.h usability
configure:21133: arm_v5t_le-gcc -c -g -O2 -Os -Wall  conftest.c >&5
configure:21139: $? = 0
configure:21146: test -z "$ac_c_werror_flag" || test ! -s conftest.err
configure:21149: $? = 0
configure:21156: test -s conftest.o
configure:21159: $? = 0
configure:21170: result: yes
configure:21174: checking fcntl.h presence
configure:21189: arm_v5t_le-gcc -E  conftest.c
configure:21195: $? = 0
configure:21216: result: yes
configure:21249: checking for fcntl.h
configure:21257: result: yes
configure:21106: checking for inttypes.h
configure:21112: result: yes
configure:21116: checking limits.h usability
configure:21133: arm_v5t_le-gcc -c -g -O2 -Os -Wall  conftest.c >&5
configure:21139: $? = 0
configure:21146: test -z "$ac_c_werror_flag" || test ! -s conftest.err
configure:21149: $? = 0
configure:21156: test -s conftest.o
configure:21159: $? = 0
configure:21170: result: yes
configure:21174: checking limits.h presence
configure:21189: arm_v5t_le-gcc -E  conftest.c
configure:21195: $? = 0
configure:21216: result: yes
configure:21249: checking for limits.h
configure:21257: result: yes
configure:21116: checking netdb.h usability
configure:21133: arm_v5t_le-gcc -c -g -O2 -Os -Wall  conftest.c >&5
configure:21139: $? = 0
configure:21146: test -z "$ac_c_werror_flag" || test ! -s conftest.err
configure:21149: $? = 0
configure:21156: test -s conftest.o
configure:21159: $? = 0
configure:21170: result: yes
configure:21174: checking netdb.h presence
configure:21189: arm_v5t_le-gcc -E  conftest.c
configure:21195: $? = 0
configure:21216: result: yes
configure:21249: checking for netdb.h
configure:21257: result: yes
configure:21116: checking netinet/in.h usability
configure:21133: arm_v5t_le-gcc -c -g -O2 -Os -Wall  conftest.c >&5
configure:21139: $? = 0
configure:21146: test -z "$ac_c_werror_flag" || test ! -s conftest.err
configure:21149: $? = 0
configure:21156: test -s conftest.o
configure:21159: $? = 0
configure:21170: result: yes
configure:21174: checking netinet/in.h presence
configure:21189: arm_v5t_le-gcc -E  conftest.c
configure:21195: $? = 0
configure:21216: result: yes
configure:21249: checking for netinet/in.h
configure:21257: result: yes
configure:21106: checking for stdlib.h
configure:21112: result: yes
configure:21106: checking for string.h
configure:21112: result: yes
configure:21116: checking sys/ioctl.h usability
configure:21133: arm_v5t_le-gcc -c -g -O2 -Os -Wall  conftest.c >&5
configure:21139: $? = 0
configure:21146: test -z "$ac_c_werror_flag" || test ! -s conftest.err
configure:21149: $? = 0
configure:21156: test -s conftest.o
configure:21159: $? = 0
configure:21170: result: yes
configure:21174: checking sys/ioctl.h presence
configure:21189: arm_v5t_le-gcc -E  conftest.c
configure:21195: $? = 0
configure:21216: result: yes
configure:21249: checking for sys/ioctl.h
configure:21257: result: yes
configure:21116: checking sys/socket.h usability
configure:21133: arm_v5t_le-gcc -c -g -O2 -Os -Wall  conftest.c >&5
configure:21139: $? = 0
configure:21146: test -z "$ac_c_werror_flag" || test ! -s conftest.err
configure:21149: $? = 0
configure:21156: test -s conftest.o
configure:21159: $? = 0
configure:21170: result: yes
configure:21174: checking sys/socket.h presence
configure:21189: arm_v5t_le-gcc -E  conftest.c
configure:21195: $? = 0
configure:21216: result: yes
configure:21249: checking for sys/socket.h
configure:21257: result: yes
configure:21116: checking sys/time.h usability
configure:21133: arm_v5t_le-gcc -c -g -O2 -Os -Wall  conftest.c >&5
configure:21139: $? = 0
configure:21146: test -z "$ac_c_werror_flag" || test ! -s conftest.err
configure:21149: $? = 0
configure:21156: test -s conftest.o
configure:21159: $? = 0
configure:21170: result: yes
configure:21174: checking sys/time.h presence
configure:21189: arm_v5t_le-gcc -E  conftest.c
configure:21195: $? = 0
configure:21216: result: yes
configure:21249: checking for sys/time.h
configure:21257: result: yes
configure:21116: checking sys/timeb.h usability
configure:21133: arm_v5t_le-gcc -c -g -O2 -Os -Wall  conftest.c >&5
configure:21139: $? = 0
configure:21146: test -z "$ac_c_werror_flag" || test ! -s conftest.err
configure:21149: $? = 0
configure:21156: test -s conftest.o
configure:21159: $? = 0
configure:21170: result: yes
configure:21174: checking sys/timeb.h presence
configure:21189: arm_v5t_le-gcc -E  conftest.c
configure:21195: $? = 0
configure:21216: result: yes
configure:21249: checking for sys/timeb.h
configure:21257: result: yes
configure:21116: checking syslog.h usability
configure:21133: arm_v5t_le-gcc -c -g -O2 -Os -Wall  conftest.c >&5
configure:21139: $? = 0
configure:21146: test -z "$ac_c_werror_flag" || test ! -s conftest.err
configure:21149: $? = 0
configure:21156: test -s conftest.o
configure:21159: $? = 0
configure:21170: result: yes
configure:21174: checking syslog.h presence
configure:21189: arm_v5t_le-gcc -E  conftest.c
configure:21195: $? = 0
configure:21216: result: yes
configure:21249: checking for syslog.h
configure:21257: result: yes
configure:21106: checking for unistd.h
configure:21112: result: yes
configure:21279: checking for an ANSI C-conforming const
configure:21354: arm_v5t_le-gcc -c -g -O2 -Os -Wall  conftest.c >&5
conftest.c: In function 'main':
conftest.c:74: warning: 't' is used uninitialized in this function
conftest.c:90: warning: 'b' is used uninitialized in this function
conftest.c:96: warning: 'x[0]' is used uninitialized in this function
configure:21360: $? = 0
configure:21367: test -z "$ac_c_werror_flag" || test ! -s conftest.err
configure:21370: $? = 0
configure:21377: test -s conftest.o
configure:21380: $? = 0
configure:21392: result: yes
configure:21402: checking for socklen_t
configure:21430: arm_v5t_le-gcc -c -g -O2 -Os -Wall  conftest.c >&5
conftest.c: In function 'main':
conftest.c:50: warning: unused variable 'len'
configure:21436: $? = 0
configure:21443: test -z "$ac_c_werror_flag" || test ! -s conftest.err
configure:21446: $? = 0
configure:21453: test -s conftest.o
configure:21456: $? = 0
configure:21469: result: yes
configure:21488: checking for vprintf
configure:21544: arm_v5t_le-gcc -o conftest -g -O2 -Os -Wall   conftest.c  >&5
conftest.c:68: warning: conflicting types for built-in function 'vprintf'
configure:21550: $? = 0
configure:21557: test -z "$ac_c_werror_flag" || test ! -s conftest.err
configure:21560: $? = 0
configure:21567: test -s conftest
configure:21570: $? = 0
configure:21584: result: yes
configure:21591: checking for _doprnt
configure:21647: arm_v5t_le-gcc -o conftest -g -O2 -Os -Wall   conftest.c  >&5
/tmp/ccuGNO6N.o: In function `main':
/home/user/workdir/ti/ipnc/ipnc_app/network/libupnp-1.6.6/conftest.c:80: undefined reference to `_doprnt'
collect2: ld returned 1 exit status
configure:21653: $? = 1
configure: failed program was:
| /* confdefs.h.  */
| #define PACKAGE_NAME "libupnp"
| #define PACKAGE_TARNAME "libupnp"
| #define PACKAGE_VERSION "1.6.6"
| #define PACKAGE_STRING "libupnp 1.6.6"
| #define PACKAGE_BUGREPORT "mroberto@users.sourceforge.net"
| #define PACKAGE "libupnp"
| #define VERSION "1.6.6"
| #define UPNP_VERSION_STRING "1.6.6"
| #define UPNP_VERSION_MAJOR 1
| #define UPNP_VERSION_MINOR 6
| #define UPNP_VERSION_PATCH 6
| #define NO_DEBUG 1
| #define NDEBUG 1
| #define UPNP_HAVE_DEVICE 1
| #define STDC_HEADERS 1
| #define HAVE_SYS_TYPES_H 1
| #define HAVE_SYS_STAT_H 1
| #define HAVE_STDLIB_H 1
| #define HAVE_STRING_H 1
| #define HAVE_MEMORY_H 1
| #define HAVE_STRINGS_H 1
| #define HAVE_INTTYPES_H 1
| #define HAVE_STDINT_H 1
| #define HAVE_UNISTD_H 1
| #define HAVE_DLFCN_H 1
| #define _LARGE_FILE_SOURCE
| #define _FILE_OFFSET_BITS 64
| #define STDC_HEADERS 1
| #define HAVE_ARPA_INET_H 1
| #define HAVE_FCNTL_H 1
| #define HAVE_INTTYPES_H 1
| #define HAVE_LIMITS_H 1
| #define HAVE_NETDB_H 1
| #define HAVE_NETINET_IN_H 1
| #define HAVE_STDLIB_H 1
| #define HAVE_STRING_H 1
| #define HAVE_SYS_IOCTL_H 1
| #define HAVE_SYS_SOCKET_H 1
| #define HAVE_SYS_TIME_H 1
| #define HAVE_SYS_TIMEB_H 1
| #define HAVE_SYSLOG_H 1
| #define HAVE_UNISTD_H 1
| #define HAVE_VPRINTF 1
| /* end confdefs.h.  */
| /* Define _doprnt to an innocuous variant, in case <limits.h> declares _doprnt.
|    For example, HP-UX 11i <limits.h> declares gettimeofday.  */
| #define _doprnt innocuous__doprnt
| 
| /* System header to define __stub macros and hopefully few prototypes,
|     which can conflict with char _doprnt (); below.
|     Prefer <limits.h> to <assert.h> if __STDC__ is defined, since
|     <limits.h> exists even on freestanding compilers.  */
| 
| #ifdef __STDC__
| # include <limits.h>
| #else
| # include <assert.h>
| #endif
| 
| #undef _doprnt
| 
| /* Override any GCC internal prototype to avoid an error.
|    Use char because int might match the return type of a GCC
|    builtin and then its argument prototype would still apply.  */
| #ifdef __cplusplus
| extern "C"
| #endif
| char _doprnt ();
| /* The GNU C library defines this for functions which it implements
|     to always fail with ENOSYS.  Some functions are actually named
|     something starting with __ and the normal name is an alias.  */
| #if defined __stub__doprnt || defined __stub____doprnt
| choke me
| #endif
| 
| int
| main ()
| {
| return _doprnt ();
|   ;
|   return 0;
| }
configure:21686: result: no
configure:21700: checking for _LARGEFILE_SOURCE value needed for large files
configure:21728: arm_v5t_le-gcc -c -g -O2 -Os -Wall  conftest.c >&5
conftest.c: In function 'main':
conftest.c:50: warning: the address of 'fseeko' will always evaluate as 'true'
configure:21734: $? = 0
configure:21741: test -z "$ac_c_werror_flag" || test ! -s conftest.err
configure:21744: $? = 0
configure:21751: test -s conftest.o
configure:21754: $? = 0
configure:21827: result: no
configure:21841: checking for fseeko
configure:21867: arm_v5t_le-gcc -o conftest -g -O2 -Os -Wall   conftest.c  >&5
conftest.c: In function 'main':
conftest.c:50: warning: the address of 'fseeko' will always evaluate as 'true'
configure:21873: $? = 0
configure:21880: test -z "$ac_c_werror_flag" || test ! -s conftest.err
configure:21883: $? = 0
configure:21890: test -s conftest
configure:21893: $? = 0
configure:21906: result: yes
configure:21920: checking for ftime
configure:21976: arm_v5t_le-gcc -o conftest -g -O2 -Os -Wall   conftest.c  >&5
configure:21982: $? = 0
configure:21989: test -z "$ac_c_werror_flag" || test ! -s conftest.err
configure:21992: $? = 0
configure:21999: test -s conftest
configure:22002: $? = 0
configure:22016: result: yes
configure:22328: checking for the pthreads library -lpthreads
configure:22371: arm_v5t_le-gcc -o conftest -g -O2 -Os -Wall    conftest.c -lpthreads  >&5
conftest.c: In function 'main':
conftest.c:53: warning: null argument where non-null required (argument 1)
conftest.c:54: warning: null argument where non-null required (argument 1)
conftest.c:54: warning: null argument where non-null required (argument 3)
conftest.c:52: warning: 'th' is used uninitialized in this function
/opt/montavista/pro/devkit/arm/v5t_le/bin/../lib/gcc/armv5tl-montavista-linux-gnueabi/4.2.0/../../../../armv5tl-montavista-linux-gnueabi/bin/ld: cannot find -lpthreads
collect2: ld returned 1 exit status
configure:22377: $? = 1
configure: failed program was:
| /* confdefs.h.  */
| #define PACKAGE_NAME "libupnp"
| #define PACKAGE_TARNAME "libupnp"
| #define PACKAGE_VERSION "1.6.6"
| #define PACKAGE_STRING "libupnp 1.6.6"
| #define PACKAGE_BUGREPORT "mroberto@users.sourceforge.net"
| #define PACKAGE "libupnp"
| #define VERSION "1.6.6"
| #define UPNP_VERSION_STRING "1.6.6"
| #define UPNP_VERSION_MAJOR 1
| #define UPNP_VERSION_MINOR 6
| #define UPNP_VERSION_PATCH 6
| #define NO_DEBUG 1
| #define NDEBUG 1
| #define UPNP_HAVE_DEVICE 1
| #define STDC_HEADERS 1
| #define HAVE_SYS_TYPES_H 1
| #define HAVE_SYS_STAT_H 1
| #define HAVE_STDLIB_H 1
| #define HAVE_STRING_H 1
| #define HAVE_MEMORY_H 1
| #define HAVE_STRINGS_H 1
| #define HAVE_INTTYPES_H 1
| #define HAVE_STDINT_H 1
| #define HAVE_UNISTD_H 1
| #define HAVE_DLFCN_H 1
| #define _LARGE_FILE_SOURCE
| #define _FILE_OFFSET_BITS 64
| #define STDC_HEADERS 1
| #define HAVE_ARPA_INET_H 1
| #define HAVE_FCNTL_H 1
| #define HAVE_INTTYPES_H 1
| #define HAVE_LIMITS_H 1
| #define HAVE_NETDB_H 1
| #define HAVE_NETINET_IN_H 1
| #define HAVE_STDLIB_H 1
| #define HAVE_STRING_H 1
| #define HAVE_SYS_IOCTL_H 1
| #define HAVE_SYS_SOCKET_H 1
| #define HAVE_SYS_TIME_H 1
| #define HAVE_SYS_TIMEB_H 1
| #define HAVE_SYSLOG_H 1
| #define HAVE_UNISTD_H 1
| #define HAVE_VPRINTF 1
| #define HAVE_FSEEKO 1
| #define HAVE_FTIME 1
| /* end confdefs.h.  */
| #include <pthread.h>
| int
| main ()
| {
| pthread_t th; pthread_join(th, 0);
|                      pthread_attr_init(0); pthread_cleanup_push(0, 0);
|                      pthread_create(0,0,0,0); pthread_cleanup_pop(0);
|   ;
|   return 0;
| }
configure:22413: result: no
configure:22273: checking whether pthreads work without any flags
configure:22371: arm_v5t_le-gcc -o conftest -g -O2 -Os -Wall    conftest.c   >&5
conftest.c: In function 'main':
conftest.c:53: warning: null argument where non-null required (argument 1)
conftest.c:54: warning: null argument where non-null required (argument 1)
conftest.c:54: warning: null argument where non-null required (argument 3)
conftest.c:52: warning: 'th' is used uninitialized in this function
/tmp/ccOWvVke.o: In function `main':
/home/user/workdir/ti/ipnc/ipnc_app/network/libupnp-1.6.6/conftest.c:52: undefined reference to `pthread_join'
/home/user/workdir/ti/ipnc/ipnc_app/network/libupnp-1.6.6/conftest.c:53: undefined reference to `__pthread_register_cancel'
/home/user/workdir/ti/ipnc/ipnc_app/network/libupnp-1.6.6/conftest.c:54: undefined reference to `pthread_create'
/home/user/workdir/ti/ipnc/ipnc_app/network/libupnp-1.6.6/conftest.c:54: undefined reference to `__pthread_unregister_cancel'
collect2: ld returned 1 exit status
configure:22377: $? = 1
configure: failed program was:
| /* confdefs.h.  */
| #define PACKAGE_NAME "libupnp"
| #define PACKAGE_TARNAME "libupnp"
| #define PACKAGE_VERSION "1.6.6"
| #define PACKAGE_STRING "libupnp 1.6.6"
| #define PACKAGE_BUGREPORT "mroberto@users.sourceforge.net"
| #define PACKAGE "libupnp"
| #define VERSION "1.6.6"
| #define UPNP_VERSION_STRING "1.6.6"
| #define UPNP_VERSION_MAJOR 1
| #define UPNP_VERSION_MINOR 6
| #define UPNP_VERSION_PATCH 6
| #define NO_DEBUG 1
| #define NDEBUG 1
| #define UPNP_HAVE_DEVICE 1
| #define STDC_HEADERS 1
| #define HAVE_SYS_TYPES_H 1
| #define HAVE_SYS_STAT_H 1
| #define HAVE_STDLIB_H 1
| #define HAVE_STRING_H 1
| #define HAVE_MEMORY_H 1
| #define HAVE_STRINGS_H 1
| #define HAVE_INTTYPES_H 1
| #define HAVE_STDINT_H 1
| #define HAVE_UNISTD_H 1
| #define HAVE_DLFCN_H 1
| #define _LARGE_FILE_SOURCE
| #define _FILE_OFFSET_BITS 64
| #define STDC_HEADERS 1
| #define HAVE_ARPA_INET_H 1
| #define HAVE_FCNTL_H 1
| #define HAVE_INTTYPES_H 1
| #define HAVE_LIMITS_H 1
| #define HAVE_NETDB_H 1
| #define HAVE_NETINET_IN_H 1
| #define HAVE_STDLIB_H 1
| #define HAVE_STRING_H 1
| #define HAVE_SYS_IOCTL_H 1
| #define HAVE_SYS_SOCKET_H 1
| #define HAVE_SYS_TIME_H 1
| #define HAVE_SYS_TIMEB_H 1
| #define HAVE_SYSLOG_H 1
| #define HAVE_UNISTD_H 1
| #define HAVE_VPRINTF 1
| #define HAVE_FSEEKO 1
| #define HAVE_FTIME 1
| /* end confdefs.h.  */
| #include <pthread.h>
| int
| main ()
| {
| pthread_t th; pthread_join(th, 0);
|                      pthread_attr_init(0); pthread_cleanup_push(0, 0);
|                      pthread_create(0,0,0,0); pthread_cleanup_pop(0);
|   ;
|   return 0;
| }
configure:22413: result: no
configure:22278: checking whether pthreads work with -Kthread
configure:22371: arm_v5t_le-gcc -o conftest -g -O2 -Os -Wall -Kthread   conftest.c   >&5
arm_v5t_le-gcc: unrecognized option '-Kthread'
conftest.c: In function 'main':
conftest.c:53: warning: null argument where non-null required (argument 1)
conftest.c:54: warning: null argument where non-null required (argument 1)
conftest.c:54: warning: null argument where non-null required (argument 3)
conftest.c:52: warning: 'th' is used uninitialized in this function
/tmp/ccuAnwUV.o: In function `main':
/home/user/workdir/ti/ipnc/ipnc_app/network/libupnp-1.6.6/conftest.c:52: undefined reference to `pthread_join'
/home/user/workdir/ti/ipnc/ipnc_app/network/libupnp-1.6.6/conftest.c:53: undefined reference to `__pthread_register_cancel'
/home/user/workdir/ti/ipnc/ipnc_app/network/libupnp-1.6.6/conftest.c:54: undefined reference to `pthread_create'
/home/user/workdir/ti/ipnc/ipnc_app/network/libupnp-1.6.6/conftest.c:54: undefined reference to `__pthread_unregister_cancel'
collect2: ld returned 1 exit status
configure:22377: $? = 1
configure: failed program was:
| /* confdefs.h.  */
| #define PACKAGE_NAME "libupnp"
| #define PACKAGE_TARNAME "libupnp"
| #define PACKAGE_VERSION "1.6.6"
| #define PACKAGE_STRING "libupnp 1.6.6"
| #define PACKAGE_BUGREPORT "mroberto@users.sourceforge.net"
| #define PACKAGE "libupnp"
| #define VERSION "1.6.6"
| #define UPNP_VERSION_STRING "1.6.6"
| #define UPNP_VERSION_MAJOR 1
| #define UPNP_VERSION_MINOR 6
| #define UPNP_VERSION_PATCH 6
| #define NO_DEBUG 1
| #define NDEBUG 1
| #define UPNP_HAVE_DEVICE 1
| #define STDC_HEADERS 1
| #define HAVE_SYS_TYPES_H 1
| #define HAVE_SYS_STAT_H 1
| #define HAVE_STDLIB_H 1
| #define HAVE_STRING_H 1
| #define HAVE_MEMORY_H 1
| #define HAVE_STRINGS_H 1
| #define HAVE_INTTYPES_H 1
| #define HAVE_STDINT_H 1
| #define HAVE_UNISTD_H 1
| #define HAVE_DLFCN_H 1
| #define _LARGE_FILE_SOURCE
| #define _FILE_OFFSET_BITS 64
| #define STDC_HEADERS 1
| #define HAVE_ARPA_INET_H 1
| #define HAVE_FCNTL_H 1
| #define HAVE_INTTYPES_H 1
| #define HAVE_LIMITS_H 1
| #define HAVE_NETDB_H 1
| #define HAVE_NETINET_IN_H 1
| #define HAVE_STDLIB_H 1
| #define HAVE_STRING_H 1
| #define HAVE_SYS_IOCTL_H 1
| #define HAVE_SYS_SOCKET_H 1
| #define HAVE_SYS_TIME_H 1
| #define HAVE_SYS_TIMEB_H 1
| #define HAVE_SYSLOG_H 1
| #define HAVE_UNISTD_H 1
| #define HAVE_VPRINTF 1
| #define HAVE_FSEEKO 1
| #define HAVE_FTIME 1
| /* end confdefs.h.  */
| #include <pthread.h>
| int
| main ()
| {
| pthread_t th; pthread_join(th, 0);
|                      pthread_attr_init(0); pthread_cleanup_push(0, 0);
|                      pthread_create(0,0,0,0); pthread_cleanup_pop(0);
|   ;
|   return 0;
| }
configure:22413: result: no
configure:22278: checking whether pthreads work with -kthread
configure:22371: arm_v5t_le-gcc -o conftest -g -O2 -Os -Wall -kthread   conftest.c   >&5
arm_v5t_le-gcc: unrecognized option '-kthread'
conftest.c: In function 'main':
conftest.c:53: warning: null argument where non-null required (argument 1)
conftest.c:54: warning: null argument where non-null required (argument 1)
conftest.c:54: warning: null argument where non-null required (argument 3)
conftest.c:52: warning: 'th' is used uninitialized in this function
/tmp/ccCQ1SOB.o: In function `main':
/home/user/workdir/ti/ipnc/ipnc_app/network/libupnp-1.6.6/conftest.c:52: undefined reference to `pthread_join'
/home/user/workdir/ti/ipnc/ipnc_app/network/libupnp-1.6.6/conftest.c:53: undefined reference to `__pthread_register_cancel'
/home/user/workdir/ti/ipnc/ipnc_app/network/libupnp-1.6.6/conftest.c:54: undefined reference to `pthread_create'
/home/user/workdir/ti/ipnc/ipnc_app/network/libupnp-1.6.6/conftest.c:54: undefined reference to `__pthread_unregister_cancel'
collect2: ld returned 1 exit status
configure:22377: $? = 1
configure: failed program was:
| /* confdefs.h.  */
| #define PACKAGE_NAME "libupnp"
| #define PACKAGE_TARNAME "libupnp"
| #define PACKAGE_VERSION "1.6.6"
| #define PACKAGE_STRING "libupnp 1.6.6"
| #define PACKAGE_BUGREPORT "mroberto@users.sourceforge.net"
| #define PACKAGE "libupnp"
| #define VERSION "1.6.6"
| #define UPNP_VERSION_STRING "1.6.6"
| #define UPNP_VERSION_MAJOR 1
| #define UPNP_VERSION_MINOR 6
| #define UPNP_VERSION_PATCH 6
| #define NO_DEBUG 1
| #define NDEBUG 1
| #define UPNP_HAVE_DEVICE 1
| #define STDC_HEADERS 1
| #define HAVE_SYS_TYPES_H 1
| #define HAVE_SYS_STAT_H 1
| #define HAVE_STDLIB_H 1
| #define HAVE_STRING_H 1
| #define HAVE_MEMORY_H 1
| #define HAVE_STRINGS_H 1
| #define HAVE_INTTYPES_H 1
| #define HAVE_STDINT_H 1
| #define HAVE_UNISTD_H 1
| #define HAVE_DLFCN_H 1
| #define _LARGE_FILE_SOURCE
| #define _FILE_OFFSET_BITS 64
| #define STDC_HEADERS 1
| #define HAVE_ARPA_INET_H 1
| #define HAVE_FCNTL_H 1
| #define HAVE_INTTYPES_H 1
| #define HAVE_LIMITS_H 1
| #define HAVE_NETDB_H 1
| #define HAVE_NETINET_IN_H 1
| #define HAVE_STDLIB_H 1
| #define HAVE_STRING_H 1
| #define HAVE_SYS_IOCTL_H 1
| #define HAVE_SYS_SOCKET_H 1
| #define HAVE_SYS_TIME_H 1
| #define HAVE_SYS_TIMEB_H 1
| #define HAVE_SYSLOG_H 1
| #define HAVE_UNISTD_H 1
| #define HAVE_VPRINTF 1
| #define HAVE_FSEEKO 1
| #define HAVE_FTIME 1
| /* end confdefs.h.  */
| #include <pthread.h>
| int
| main ()
| {
| pthread_t th; pthread_join(th, 0);
|                      pthread_attr_init(0); pthread_cleanup_push(0, 0);
|                      pthread_create(0,0,0,0); pthread_cleanup_pop(0);
|   ;
|   return 0;
| }
configure:22413: result: no
configure:22328: checking for the pthreads library -llthread
configure:22371: arm_v5t_le-gcc -o conftest -g -O2 -Os -Wall    conftest.c -llthread  >&5
conftest.c: In function 'main':
conftest.c:53: warning: null argument where non-null required (argument 1)
conftest.c:54: warning: null argument where non-null required (argument 1)
conftest.c:54: warning: null argument where non-null required (argument 3)
conftest.c:52: warning: 'th' is used uninitialized in this function
/opt/montavista/pro/devkit/arm/v5t_le/bin/../lib/gcc/armv5tl-montavista-linux-gnueabi/4.2.0/../../../../armv5tl-montavista-linux-gnueabi/bin/ld: cannot find -llthread
collect2: ld returned 1 exit status
configure:22377: $? = 1
configure: failed program was:
| /* confdefs.h.  */
| #define PACKAGE_NAME "libupnp"
| #define PACKAGE_TARNAME "libupnp"
| #define PACKAGE_VERSION "1.6.6"
| #define PACKAGE_STRING "libupnp 1.6.6"
| #define PACKAGE_BUGREPORT "mroberto@users.sourceforge.net"
| #define PACKAGE "libupnp"
| #define VERSION "1.6.6"
| #define UPNP_VERSION_STRING "1.6.6"
| #define UPNP_VERSION_MAJOR 1
| #define UPNP_VERSION_MINOR 6
| #define UPNP_VERSION_PATCH 6
| #define NO_DEBUG 1
| #define NDEBUG 1
| #define UPNP_HAVE_DEVICE 1
| #define STDC_HEADERS 1
| #define HAVE_SYS_TYPES_H 1
| #define HAVE_SYS_STAT_H 1
| #define HAVE_STDLIB_H 1
| #define HAVE_STRING_H 1
| #define HAVE_MEMORY_H 1
| #define HAVE_STRINGS_H 1
| #define HAVE_INTTYPES_H 1
| #define HAVE_STDINT_H 1
| #define HAVE_UNISTD_H 1
| #define HAVE_DLFCN_H 1
| #define _LARGE_FILE_SOURCE
| #define _FILE_OFFSET_BITS 64
| #define STDC_HEADERS 1
| #define HAVE_ARPA_INET_H 1
| #define HAVE_FCNTL_H 1
| #define HAVE_INTTYPES_H 1
| #define HAVE_LIMITS_H 1
| #define HAVE_NETDB_H 1
| #define HAVE_NETINET_IN_H 1
| #define HAVE_STDLIB_H 1
| #define HAVE_STRING_H 1
| #define HAVE_SYS_IOCTL_H 1
| #define HAVE_SYS_SOCKET_H 1
| #define HAVE_SYS_TIME_H 1
| #define HAVE_SYS_TIMEB_H 1
| #define HAVE_SYSLOG_H 1
| #define HAVE_UNISTD_H 1
| #define HAVE_VPRINTF 1
| #define HAVE_FSEEKO 1
| #define HAVE_FTIME 1
| /* end confdefs.h.  */
| #include <pthread.h>
| int
| main ()
| {
| pthread_t th; pthread_join(th, 0);
|                      pthread_attr_init(0); pthread_cleanup_push(0, 0);
|                      pthread_create(0,0,0,0); pthread_cleanup_pop(0);
|   ;
|   return 0;
| }
configure:22413: result: no
configure:22278: checking whether pthreads work with -pthread
configure:22371: arm_v5t_le-gcc -o conftest -g -O2 -Os -Wall -pthread   conftest.c   >&5
conftest.c: In function 'main':
conftest.c:53: warning: null argument where non-null required (argument 1)
conftest.c:54: warning: null argument where non-null required (argument 1)
conftest.c:54: warning: null argument where non-null required (argument 3)
conftest.c:52: warning: 'th' is used uninitialized in this function
configure:22377: $? = 0
configure:22384: test -z "$ac_c_werror_flag" || test ! -s conftest.err
configure:22387: $? = 0
configure:22394: test -s conftest
configure:22397: $? = 0
configure:22413: result: yes
configure:22432: checking for joinable pthread attribute
configure:22457: arm_v5t_le-gcc -o conftest -g -O2 -Os -Wall -pthread   conftest.c   >&5
configure:22463: $? = 0
configure:22470: test -z "$ac_c_werror_flag" || test ! -s conftest.err
configure:22473: $? = 0
configure:22480: test -s conftest
configure:22483: $? = 0
configure:22496: result: PTHREAD_CREATE_JOINABLE
configure:22506: checking if more special flags are required for pthreads
configure:22513: result: no
configure:22609: checking if pthread_rwlock_t is available
configure:22638: arm_v5t_le-gcc -c -pthread -g -O2 -Os -Wall  conftest.c >&5
conftest.c: In function 'main':
conftest.c:53: warning: unused variable 'x'
configure:22644: $? = 0
configure:22651: test -z "$ac_c_werror_flag" || test ! -s conftest.err
configure:22654: $? = 0
configure:22661: test -s conftest.o
configure:22664: $? = 0
configure:22671: result: yes, supported without any options
configure:22939: creating ./config.status

## ---------------------- ##
## Running config.status. ##
## ---------------------- ##

This file was extended by libupnp config.status 1.6.6, which was
generated by GNU Autoconf 2.60.  Invocation command line was

  CONFIG_FILES    = 
  CONFIG_HEADERS  = 
  CONFIG_LINKS    = 
  CONFIG_COMMANDS = 
  $ ./config.status 

on localhost.localdomain

config.status:676: creating Makefile
config.status:676: creating ixml/Makefile
config.status:676: creating ixml/doc/Makefile
config.status:676: creating threadutil/Makefile
config.status:676: creating upnp/Makefile
config.status:676: creating upnp/doc/Makefile
config.status:676: creating upnp/sample/Makefile
config.status:676: creating docs/dist/Makefile
config.status:676: creating libupnp.pc
config.status:676: creating autoconfig.h
config.status:926: autoconfig.h is unchanged
config.status:676: creating upnp/inc/upnpconfig.h
config.status:926: upnp/inc/upnpconfig.h is unchanged
config.status:972: executing depfiles commands

## ---------------- ##
## Cache variables. ##
## ---------------- ##

ac_cv_build=i686-pc-linux-gnu
ac_cv_c_compiler_gnu=yes
ac_cv_c_const=yes
ac_cv_cflags_gcc_option__Os=-Os
ac_cv_cflags_warn_all=-Wall
ac_cv_cxx_compiler_gnu=yes
ac_cv_env_CCC_set=
ac_cv_env_CCC_value=
ac_cv_env_CC_set=set
ac_cv_env_CC_value=arm_v5t_le-gcc
ac_cv_env_CFLAGS_set=
ac_cv_env_CFLAGS_value=
ac_cv_env_CPPFLAGS_set=
ac_cv_env_CPPFLAGS_value=
ac_cv_env_CPP_set=set
ac_cv_env_CPP_value='arm_v5t_le-gcc -E'
ac_cv_env_CXXCPP_set=set
ac_cv_env_CXXCPP_value='arm_v5t_le-g++ -E'
ac_cv_env_CXXFLAGS_set=
ac_cv_env_CXXFLAGS_value=
ac_cv_env_CXX_set=set
ac_cv_env_CXX_value=arm_v5t_le-g++
ac_cv_env_F77_set=
ac_cv_env_F77_value=
ac_cv_env_FFLAGS_set=
ac_cv_env_FFLAGS_value=
ac_cv_env_LDFLAGS_set=
ac_cv_env_LDFLAGS_value=
ac_cv_env_build_alias_set=
ac_cv_env_build_alias_value=
ac_cv_env_host_alias_set=set
ac_cv_env_host_alias_value=arm-linux
ac_cv_env_target_alias_set=
ac_cv_env_target_alias_value=
ac_cv_f77_compiler_gnu=yes
ac_cv_func__doprnt=no
ac_cv_func_fseeko=yes
ac_cv_func_ftime=yes
ac_cv_func_vprintf=yes
ac_cv_header_arpa_inet_h=yes
ac_cv_header_dlfcn_h=yes
ac_cv_header_fcntl_h=yes
ac_cv_header_inttypes_h=yes
ac_cv_header_limits_h=yes
ac_cv_header_memory_h=yes
ac_cv_header_netdb_h=yes
ac_cv_header_netinet_in_h=yes
ac_cv_header_stdc=yes
ac_cv_header_stdint_h=yes
ac_cv_header_stdlib_h=yes
ac_cv_header_string_h=yes
ac_cv_header_strings_h=yes
ac_cv_header_sys_ioctl_h=yes
ac_cv_header_sys_socket_h=yes
ac_cv_header_sys_stat_h=yes
ac_cv_header_sys_time_h=yes
ac_cv_header_sys_timeb_h=yes
ac_cv_header_sys_types_h=yes
ac_cv_header_syslog_h=yes
ac_cv_header_unistd_h=yes
ac_cv_host=arm-unknown-linux-gnu
ac_cv_objext=o
ac_cv_path_EGREP='/bin/grep -E'
ac_cv_path_GREP=/bin/grep
ac_cv_path_install='/usr/bin/install -c'
ac_cv_prog_AR=arm_v5t_le-ar
ac_cv_prog_AWK=gawk
ac_cv_prog_CC=arm_v5t_le-gcc
ac_cv_prog_CPP='arm_v5t_le-gcc -E'
ac_cv_prog_CXXCPP='arm_v5t_le-g++ -E'
ac_cv_prog_RANLIB=arm_v5t_le-ranlib
ac_cv_prog_STRIP=arm_v5t_le-strip
ac_cv_prog_ac_ct_F77=gfortran
ac_cv_prog_cc_arm_v5t_le_gcc_c_o=yes
ac_cv_prog_cc_c89=
ac_cv_prog_cc_g=yes
ac_cv_prog_cxx_g=yes
ac_cv_prog_f77_g=yes
ac_cv_prog_make_make_set=yes
ac_cv_sys_largefile_source=no
ac_cv_type_off_t=yes
ac_cv_type_size_t=yes
ac_cv_type_socklen_t=yes
am_cv_CC_dependencies_compiler_type=gcc3
am_cv_CXX_dependencies_compiler_type=gcc3
lt_cv_deplibs_check_method=pass_all
lt_cv_file_magic_cmd='$MAGIC_CMD'
lt_cv_file_magic_test_file=
lt_cv_ld_reload_flag=-r
lt_cv_objdir=.libs
lt_cv_path_LD=/opt/montavista/pro/devkit/arm/v5t_le/armv5tl-montavista-linux-gnueabi/bin/ld
lt_cv_path_LDCXX=/opt/montavista/pro/devkit/arm/v5t_le/armv5tl-montavista-linux-gnueabi/bin/ld
lt_cv_path_NM=nm
lt_cv_path_SED=/opt/montavista/common/bin//sed
lt_cv_prog_compiler_c_o=yes
lt_cv_prog_compiler_c_o_CXX=yes
lt_cv_prog_compiler_c_o_F77=yes
lt_cv_prog_compiler_rtti_exceptions=no
lt_cv_prog_gnu_ld=yes
lt_cv_prog_gnu_ldcxx=yes
lt_cv_sys_global_symbol_pipe='sed -n -e '\''s/^.*[ 	]\([ABCDGIRSTW][ABCDGIRSTW]*\)[ 	][ 	]*\([_A-Za-z][_A-Za-z0-9]*\)$/\1 \2 \2/p'\'''
lt_cv_sys_global_symbol_to_c_name_address='sed -n -e '\''s/^: \([^ ]*\) $/  {\"\1\", (lt_ptr) 0},/p'\'' -e '\''s/^[BCDEGRST] \([^ ]*\) \([^ ]*\)$/  {"\2", (lt_ptr) \&\2},/p'\'''
lt_cv_sys_global_symbol_to_cdecl='sed -n -e '\''s/^. .* \(.*\)$/extern int \1;/p'\'''
lt_cv_sys_max_cmd_len=32768
lt_lt_cv_prog_compiler_c_o='"yes"'
lt_lt_cv_prog_compiler_c_o_CXX='"yes"'
lt_lt_cv_prog_compiler_c_o_F77='"yes"'
lt_lt_cv_sys_global_symbol_pipe='"sed -n -e '\''s/^.*[ 	]\\([ABCDGIRSTW][ABCDGIRSTW]*\\)[ 	][ 	]*\\([_A-Za-z][_A-Za-z0-9]*\\)\$/\\1 \\2 \\2/p'\''"'
lt_lt_cv_sys_global_symbol_to_c_name_address='"sed -n -e '\''s/^: \\([^ ]*\\) \$/  {\\\"\\1\\\", (lt_ptr) 0},/p'\'' -e '\''s/^[BCDEGRST] \\([^ ]*\\) \\([^ ]*\\)\$/  {\"\\2\", (lt_ptr) \\&\\2},/p'\''"'
lt_lt_cv_sys_global_symbol_to_cdecl='"sed -n -e '\''s/^. .* \\(.*\\)\$/extern int \\1;/p'\''"'

## ----------------- ##
## Output variables. ##
## ----------------- ##

ACLOCAL='${SHELL} /home/user/workdir/ti/ipnc/ipnc_app/network/libupnp-1.6.6/build-aux/missing --run aclocal-1.9'
AMDEPBACKSLASH='\'
AMDEP_FALSE='#'
AMDEP_TRUE=''
AMTAR='${SHELL} /home/user/workdir/ti/ipnc/ipnc_app/network/libupnp-1.6.6/build-aux/missing --run tar'
AR='arm_v5t_le-ar'
AUTOCONF='${SHELL} /home/user/workdir/ti/ipnc/ipnc_app/network/libupnp-1.6.6/build-aux/missing --run autoconf'
AUTOHEADER='${SHELL} /home/user/workdir/ti/ipnc/ipnc_app/network/libupnp-1.6.6/build-aux/missing --run autoheader'
AUTOMAKE='${SHELL} /home/user/workdir/ti/ipnc/ipnc_app/network/libupnp-1.6.6/build-aux/missing --run automake-1.9'
AWK='gawk'
CC='arm_v5t_le-gcc'
CCDEPMODE='depmode=gcc3'
CFLAGS='-pthread -g -O2 -Os -Wall'
CPP='arm_v5t_le-gcc -E'
CPPFLAGS=''
CXX='arm_v5t_le-g++'
CXXCPP='arm_v5t_le-g++ -E'
CXXDEPMODE='depmode=gcc3'
CXXFLAGS='-g -O2'
CYGPATH_W='echo'
DEFS='-DHAVE_CONFIG_H'
DEPDIR='.deps'
ECHO='echo'
ECHO_C=''
ECHO_N='-n'
ECHO_T=''
EGREP='/bin/grep -E'
ENABLE_CLIENT_FALSE=''
ENABLE_CLIENT_TRUE='#'
ENABLE_DEBUG_FALSE=''
ENABLE_DEBUG_TRUE='#'
ENABLE_DEVICE_FALSE='#'
ENABLE_DEVICE_TRUE=''
ENABLE_SAMPLES_FALSE=''
ENABLE_SAMPLES_TRUE='#'
ENABLE_TOOLS_FALSE=''
ENABLE_TOOLS_TRUE='#'
ENABLE_WEBSERVER_FALSE=''
ENABLE_WEBSERVER_TRUE='#'
EXEEXT=''
F77='gfortran'
FFLAGS='-g -O2'
GREP='/bin/grep'
INSTALL_DATA='${INSTALL} -m 644'
INSTALL_PROGRAM='${INSTALL}'
INSTALL_SCRIPT='${INSTALL}'
INSTALL_STRIP_PROGRAM='${SHELL} $(install_sh) -c -s'
LDFLAGS=''
LIBOBJS=''
LIBS=' '
LIBTOOL='$(SHELL) $(top_builddir)/libtool'
LN_S='ln -s'
LTLIBOBJS=''
LT_VERSION_IXML='2:4:0'
LT_VERSION_THREADUTIL='4:3:2'
LT_VERSION_UPNP='3:5:0'
MAKEINFO='${SHELL} /home/user/workdir/ti/ipnc/ipnc_app/network/libupnp-1.6.6/build-aux/missing --run makeinfo'
OBJEXT='o'
PACKAGE='libupnp'
PACKAGE_BUGREPORT='mroberto@users.sourceforge.net'
PACKAGE_NAME='libupnp'
PACKAGE_STRING='libupnp 1.6.6'
PACKAGE_TARNAME='libupnp'
PACKAGE_VERSION='1.6.6'
PATH_SEPARATOR=':'
PTHREAD_CC='arm_v5t_le-gcc'
PTHREAD_CFLAGS='-pthread'
PTHREAD_LIBS=''
RANLIB='arm_v5t_le-ranlib'
SET_MAKE=''
SHELL='/bin/sh'
STRIP='arm_v5t_le-strip'
VERSION='1.6.6'
WITH_DOCUMENTATION_FALSE=''
WITH_DOCUMENTATION_TRUE='#'
ac_ct_CC='arm_v5t_le-gcc'
ac_ct_CXX='arm_v5t_le-g++'
ac_ct_F77='gfortran'
acx_pthread_config=''
am__fastdepCC_FALSE='#'
am__fastdepCC_TRUE=''
am__fastdepCXX_FALSE='#'
am__fastdepCXX_TRUE=''
am__include='include'
am__leading_dot='.'
am__quote=''
am__tar='${AMTAR} chof - "$$tardir"'
am__untar='${AMTAR} xf -'
bindir='${exec_prefix}/bin'
build='i686-pc-linux-gnu'
build_alias=''
build_cpu='i686'
build_os='linux-gnu'
build_vendor='pc'
datadir='${datarootdir}'
datarootdir='${prefix}/share'
docdir='${datarootdir}/doc/libupnp-1.6.6'
dvidir='${docdir}'
exec_prefix='${prefix}'
host='arm-unknown-linux-gnu'
host_alias='arm-linux'
host_cpu='arm'
host_os='linux-gnu'
host_vendor='unknown'
htmldir='${docdir}'
includedir='${prefix}/include'
infodir='${datarootdir}/info'
install_sh='/home/user/workdir/ti/ipnc/ipnc_app/network/libupnp-1.6.6/build-aux/install-sh'
libdir='${exec_prefix}/lib'
libexecdir='${exec_prefix}/libexec'
localedir='${datarootdir}/locale'
localstatedir='${prefix}/var'
mandir='${datarootdir}/man'
mkdir_p='mkdir -p --'
oldincludedir='/usr/include'
pdfdir='${docdir}'
prefix='/usr/local/upnp'
program_transform_name='s,x,x,'
psdir='${docdir}'
sbindir='${exec_prefix}/sbin'
sharedstatedir='${prefix}/com'
sysconfdir='${prefix}/etc'
target_alias=''

## ----------- ##
## confdefs.h. ##
## ----------- ##

#define PACKAGE_NAME "libupnp"
#define PACKAGE_TARNAME "libupnp"
#define PACKAGE_VERSION "1.6.6"
#define PACKAGE_STRING "libupnp 1.6.6"
#define PACKAGE_BUGREPORT "mroberto@users.sourceforge.net"
#define PACKAGE "libupnp"
#define VERSION "1.6.6"
#define UPNP_VERSION_STRING "1.6.6"
#define UPNP_VERSION_MAJOR 1
#define UPNP_VERSION_MINOR 6
#define UPNP_VERSION_PATCH 6
#define NO_DEBUG 1
#define NDEBUG 1
#define UPNP_HAVE_DEVICE 1
#define STDC_HEADERS 1
#define HAVE_SYS_TYPES_H 1
#define HAVE_SYS_STAT_H 1
#define HAVE_STDLIB_H 1
#define HAVE_STRING_H 1
#define HAVE_MEMORY_H 1
#define HAVE_STRINGS_H 1
#define HAVE_INTTYPES_H 1
#define HAVE_STDINT_H 1
#define HAVE_UNISTD_H 1
#define HAVE_DLFCN_H 1
#define _LARGE_FILE_SOURCE
#define _FILE_OFFSET_BITS 64
#define STDC_HEADERS 1
#define HAVE_ARPA_INET_H 1
#define HAVE_FCNTL_H 1
#define HAVE_INTTYPES_H 1
#define HAVE_LIMITS_H 1
#define HAVE_NETDB_H 1
#define HAVE_NETINET_IN_H 1
#define HAVE_STDLIB_H 1
#define HAVE_STRING_H 1
#define HAVE_SYS_IOCTL_H 1
#define HAVE_SYS_SOCKET_H 1
#define HAVE_SYS_TIME_H 1
#define HAVE_SYS_TIMEB_H 1
#define HAVE_SYSLOG_H 1
#define HAVE_UNISTD_H 1
#define HAVE_VPRINTF 1
#define HAVE_FSEEKO 1
#define HAVE_FTIME 1
#define HAVE_PTHREAD 1
#define UPNP_USE_RWLOCK 1

configure: exit 0
