This file contains any messages produced by compilers while
running configure, to aid debugging if configure makes a mistake.

It was created by configure, which was
generated by GNU Autoconf 2.52.  Invocation command line was

  $ ./configure 

## ---------- ##
## Platform.  ##
## ---------- ##

hostname = 192.168.0.55
uname -m = armv5tejl
uname -r = 2.6.10_mvl401
uname -s = Linux
uname -v = #39 Fri Sep 7 05:23:49 EDT 2007

/usr/bin/uname -p = unknown
/bin/uname -X     = unknown

/bin/arch              = armv5tejl
/usr/bin/arch -k       = unknown
/usr/convex/getsysinfo = unknown
hostinfo               = unknown
/bin/machine           = unknown
/usr/bin/oslevel       = unknown
/bin/universe          = unknown

PATH = /usr/local/bin:/usr/bin:/bin:/usr/bin/X11:/usr/games:/usr/local/sbin:/usr/sbin:/sbin

## ------------ ##
## Core tests.  ##
## ------------ ##

configure:909: PATH=".;."; conftest.sh
./configure: line 910: conftest.sh: command not found
configure:912: $? = 127
configure:964: checking for gcc
configure:979: found /usr/bin/gcc
configure:987: result: gcc
configure:1215: checking for C compiler version
configure:1218: gcc --version </dev/null >&5
gcc (GCC) 3.4.3 (MontaVista 3.4.3-25.0.30.0501131 2005-07-22)
Copyright (C) 2004 Free Software Foundation, Inc.
This is free software; see the source for copying conditions.  There is NO
warranty; not even for MERCHANTABILITY or FITNESS FOR A PARTICULAR PURPOSE.

configure:1221: $? = 0
configure:1223: gcc -v </dev/null >&5
Reading specs from /usr/lib/gcc/armv5tl-montavista-linuxeabi/3.4.3/specs
Configured with: ../configure --host=armv5tl-montavista-linuxeabi --build=i686-pc-linux-gnu --prefix=/usr --exec-prefix=/usr --bindir=/usr/bin --sbindir=/usr/sbin --sysconfdir=/etc --datadir=/usr/share --includedir=/usr/include --libdir=/usr/lib --libexecdir=/usr/libexec --localstatedir=/var --sharedstatedir=/usr/share --mandir=/usr/share/man --infodir=/usr/share/info --target=armv5tl-montavista-linuxeabi --program-prefix= --enable-__cxa_atexit --enable-shared --enable-languages=c,c++ --enable-threads=posix --disable-multilib --with-numa-policy=yes --with-float=soft --with-cpu=arm10tdmi --with-interwork --with-arch=armv5t --with-tune=arm10tdmi --libexecdir=/usr/lib
Thread model: posix
gcc version 3.4.3 (MontaVista 3.4.3-25.0.30.0501131 2005-07-22)
configure:1226: $? = 0
configure:1228: gcc -V </dev/null >&5
gcc: `-V' option must have argument
configure:1231: $? = 1
configure:1251: checking for C compiler default output
configure:1254: gcc    conftest.c  >&5
configure:1257: $? = 0
configure:1286: result: a.out
configure:1291: checking whether the C compiler works
configure:1297: ./a.out
configure:1300: $? = 0
configure:1315: result: yes
configure:1322: checking whether we are cross compiling
configure:1324: result: no
configure:1327: checking for executable suffix
configure:1329: gcc -o conftest    conftest.c  >&5
configure:1332: $? = 0
configure:1354: result: 
configure:1360: checking for object suffix
configure:1378: gcc -c   conftest.c >&5
configure:1381: $? = 0
configure:1400: result: o
configure:1404: checking whether we are using the GNU C compiler
configure:1425: gcc -c   conftest.c >&5
configure:1428: $? = 0
configure:1431: test -s conftest.o
configure:1434: $? = 0
configure:1446: result: yes
configure:1452: checking whether gcc accepts -g
configure:1470: gcc -c -g  conftest.c >&5
configure:1473: $? = 0
configure:1476: test -s conftest.o
configure:1479: $? = 0
configure:1489: result: yes
configure:1516: gcc -c -g -O2  conftest.c >&5
conftest.c:2: error: parse error before "me"
configure:1519: $? = 1
configure: failed program was:
#ifndef __cplusplus
  choke me
#endif
configure:1617: checking for touchline in -lncurses
configure:1644: gcc -o conftest -g -O2   conftest.c -lncurses   >&5
configure:1647: $? = 0
configure:1650: test -s conftest
configure:1653: $? = 0
configure:1664: result: yes
configure:1675: checking for readline in -lreadline
configure:1702: gcc -o conftest -g -O2   conftest.c -lreadline  -lncurses  >&5
configure:1705: $? = 0
configure:1708: test -s conftest
configure:1711: $? = 0
configure:1722: result: yes
configure:1736: checking for dirent.h that defines DIR
configure:1757: gcc -c -g -O2  conftest.c >&5
configure:1760: $? = 0
configure:1763: test -s conftest.o
configure:1766: $? = 0
configure:1776: result: yes
configure:1789: checking for opendir in -ldir
configure:1816: gcc -o conftest -g -O2   conftest.c -ldir  -lreadline -lncurses  >&5
/usr/lib/gcc/armv5tl-montavista-linuxeabi/3.4.3/../../../../armv5tl-montavista-linuxeabi/bin/ld: cannot find -ldir
collect2: ld returned 1 exit status
configure:1819: $? = 1
configure: failed program was:
#line 1797 "configure"
#include "confdefs.h"

/* Override any gcc2 internal prototype to avoid an error.  */
#ifdef __cplusplus
extern "C"
#endif
/* We use char because int might match the return type of a gcc2
   builtin and then its argument prototype would still apply.  */
char opendir ();
int
main ()
{
opendir ();
  ;
  return 0;
}
configure:1836: result: no
configure:1903: checking how to run the C preprocessor
configure:1929: gcc -E  conftest.c
configure:1935: $? = 0
configure:1962: gcc -E  conftest.c
configure:1959:28: ac_nonexistent.h: No such file or directory
configure:1968: $? = 1
configure: failed program was:
#line 1958 "configure"
#include "confdefs.h"
#include <ac_nonexistent.h>
configure:2005: result: gcc -E
configure:2020: gcc -E  conftest.c
configure:2026: $? = 0
configure:2053: gcc -E  conftest.c
configure:2050:28: ac_nonexistent.h: No such file or directory
configure:2059: $? = 1
configure: failed program was:
#line 2049 "configure"
#include "confdefs.h"
#include <ac_nonexistent.h>
configure:2098: checking for ANSI C header files
configure:2112: gcc -E  conftest.c
configure:2118: $? = 0
configure:2205: gcc -o conftest -g -O2   conftest.c -lreadline -lncurses  >&5
configure:2208: $? = 0
configure:2210: ./conftest
configure:2213: $? = 0
configure:2226: result: yes
configure:2236: checking for sys/wait.h that is POSIX.1 compatible
configure:2264: gcc -c -g -O2  conftest.c >&5
configure:2267: $? = 0
configure:2270: test -s conftest.o
configure:2273: $? = 0
configure:2283: result: yes
configure:2296: checking for fcntl.h
configure:2306: gcc -E  conftest.c
configure:2312: $? = 0
configure:2331: result: yes
configure:2296: checking for malloc.h
configure:2306: gcc -E  conftest.c
configure:2312: $? = 0
configure:2331: result: yes
configure:2296: checking for sys/time.h
configure:2306: gcc -E  conftest.c
configure:2312: $? = 0
configure:2331: result: yes
configure:2296: checking for unistd.h
configure:2306: gcc -E  conftest.c
configure:2312: $? = 0
configure:2331: result: yes
configure:2341: checking whether time.h and sys/time.h may both be included
configure:2363: gcc -c -g -O2  conftest.c >&5
configure:2366: $? = 0
configure:2369: test -s conftest.o
configure:2372: $? = 0
configure:2382: result: yes
configure:2392: checking whether struct tm is in sys/time.h or time.h
configure:2412: gcc -c -g -O2  conftest.c >&5
configure:2415: $? = 0
configure:2418: test -s conftest.o
configure:2421: $? = 0
configure:2431: result: time.h
configure:2441: checking for working GNU-style fnmatch
configure:2470: gcc -o conftest -g -O2   conftest.c -lreadline -lncurses  >&5
configure:2473: $? = 0
configure:2475: ./conftest
configure:2478: $? = 0
configure:2490: result: yes
configure:2503: checking for getcwd
configure:2540: gcc -o conftest -g -O2   conftest.c -lreadline -lncurses  >&5
configure:2543: $? = 0
configure:2546: test -s conftest
configure:2549: $? = 0
configure:2559: result: yes
configure:2503: checking for gettimeofday
configure:2540: gcc -o conftest -g -O2   conftest.c -lreadline -lncurses  >&5
configure:2543: $? = 0
configure:2546: test -s conftest
configure:2549: $? = 0
configure:2559: result: yes
configure:2503: checking for mkdir
configure:2540: gcc -o conftest -g -O2   conftest.c -lreadline -lncurses  >&5
configure:2543: $? = 0
configure:2546: test -s conftest
configure:2549: $? = 0
configure:2559: result: yes
configure:2503: checking for socket
configure:2540: gcc -o conftest -g -O2   conftest.c -lreadline -lncurses  >&5
configure:2543: $? = 0
configure:2546: test -s conftest
configure:2549: $? = 0
configure:2559: result: yes
configure:2503: checking for strdup
configure:2540: gcc -o conftest -g -O2   conftest.c -lreadline -lncurses  >&5
configure:2519: warning: conflicting types for built-in function 'strdup'
configure:2543: $? = 0
configure:2546: test -s conftest
configure:2549: $? = 0
configure:2559: result: yes
configure:2503: checking for strstr
configure:2540: gcc -o conftest -g -O2   conftest.c -lreadline -lncurses  >&5
configure:2519: warning: conflicting types for built-in function 'strstr'
configure:2543: $? = 0
configure:2546: test -s conftest
configure:2549: $? = 0
configure:2559: result: yes
configure:2679: creating ./config.status

## ----------------------- ##
## Running config.status.  ##
## ----------------------- ##

This file was extended by config.status 2.52, executed with
  CONFIG_FILES    = 
  CONFIG_HEADERS  = 
  CONFIG_LINKS    = 
  CONFIG_COMMANDS = 
  > ./config.status 
on 192.168.0.55

config.status:3098: creating Makefile

## ----------------- ##
## Cache variables.  ##
## ----------------- ##

ac_cv_c_compiler_gnu=yes
ac_cv_env_CC_set=
ac_cv_env_CC_value=
ac_cv_env_CFLAGS_set=
ac_cv_env_CFLAGS_value=
ac_cv_env_CPPFLAGS_set=
ac_cv_env_CPPFLAGS_value=
ac_cv_env_CPP_set=
ac_cv_env_CPP_value=
ac_cv_env_LDFLAGS_set=
ac_cv_env_LDFLAGS_value=
ac_cv_env_build_alias_set=
ac_cv_env_build_alias_value=
ac_cv_env_host_alias_set=
ac_cv_env_host_alias_value=
ac_cv_env_target_alias_set=
ac_cv_env_target_alias_value=
ac_cv_func_fnmatch_works=yes
ac_cv_func_getcwd=yes
ac_cv_func_gettimeofday=yes
ac_cv_func_mkdir=yes
ac_cv_func_socket=yes
ac_cv_func_strdup=yes
ac_cv_func_strstr=yes
ac_cv_header_dirent_dirent_h=yes
ac_cv_header_fcntl_h=yes
ac_cv_header_malloc_h=yes
ac_cv_header_stdc=yes
ac_cv_header_sys_time_h=yes
ac_cv_header_sys_wait_h=yes
ac_cv_header_time=yes
ac_cv_header_unistd_h=yes
ac_cv_lib_dir_opendir=no
ac_cv_lib_ncurses_touchline=yes
ac_cv_lib_readline_readline=yes
ac_cv_objext=o
ac_cv_prog_CPP='gcc -E'
ac_cv_prog_ac_ct_CC=gcc
ac_cv_prog_cc_g=yes
ac_cv_struct_tm=time.h

## ------------ ##
## confdefs.h.  ##
## ------------ ##

#define HAVE_LIBNCURSES 1
#define HAVE_LIBREADLINE 1
#define HAVE_DIRENT_H 1
#define STDC_HEADERS 1
#define HAVE_SYS_WAIT_H 1
#define HAVE_FCNTL_H 1
#define HAVE_MALLOC_H 1
#define HAVE_SYS_TIME_H 1
#define HAVE_UNISTD_H 1
#define TIME_WITH_SYS_TIME 1
#define HAVE_FNMATCH 1
#define HAVE_GETCWD 1
#define HAVE_GETTIMEOFDAY 1
#define HAVE_MKDIR 1
#define HAVE_SOCKET 1
#define HAVE_STRDUP 1
#define HAVE_STRSTR 1


configure: exit 0
